{"/tmp/workspace/rudy750/calClories/src/components/logging/FoodAmountModal.tsx": {"path":"/tmp/workspace/rudy750/calClories/src/components/logging/FoodAmountModal.tsx","statementMap":{"0":{"start":{"line":13,"column":16},"end":{"line":18,"column":null}},"1":{"start":{"line":21,"column":19},"end":{"line":21,"column":null}},"2":{"start":{"line":22,"column":18},"end":{"line":22,"column":null}},"3":{"start":{"line":24,"column":17},"end":{"line":24,"column":null}},"4":{"start":{"line":25,"column":17},"end":{"line":25,"column":null}},"5":{"start":{"line":27,"column":14},"end":{"line":27,"column":null}},"6":{"start":{"line":28,"column":8},"end":{"line":28,"column":null}},"7":{"start":{"line":29,"column":8},"end":{"line":29,"column":null}},"8":{"start":{"line":30,"column":8},"end":{"line":30,"column":null}},"9":{"start":{"line":33,"column":4},"end":{"line":33,"column":null}},"10":{"start":{"line":33,"column":17},"end":{"line":33,"column":null}},"11":{"start":{"line":34,"column":4},"end":{"line":43,"column":null}},"12":{"start":{"line":46,"column":2},"end":{"line":122,"column":null}},"13":{"start":{"line":66,"column":29},"end":{"line":66,"column":null}},"14":{"start":{"line":74,"column":14},"end":{"line":85,"column":null}},"15":{"start":{"line":77,"column":31},"end":{"line":77,"column":null}},"16":{"start":{"line":89,"column":29},"end":{"line":89,"column":null}}},"fnMap":{"0":{"name":"FoodAmountModal","decl":{"start":{"line":20,"column":24},"end":{"line":20,"column":40}},"loc":{"start":{"line":20,"column":88},"end":{"line":124,"column":null}},"line":20},"1":{"name":"handleSave","decl":{"start":{"line":32,"column":11},"end":{"line":32,"column":24}},"loc":{"start":{"line":32,"column":24},"end":{"line":44,"column":null}},"line":32},"2":{"name":"(anonymous_2)","decl":{"start":{"line":66,"column":14},"end":{"line":66,"column":24}},"loc":{"start":{"line":66,"column":29},"end":{"line":66,"column":null}},"line":66},"3":{"name":"(anonymous_3)","decl":{"start":{"line":73,"column":21},"end":{"line":73,"column":25}},"loc":{"start":{"line":74,"column":14},"end":{"line":85,"column":null}},"line":74},"4":{"name":"(anonymous_4)","decl":{"start":{"line":77,"column":16},"end":{"line":77,"column":31}},"loc":{"start":{"line":77,"column":31},"end":{"line":77,"column":null}},"line":77},"5":{"name":"(anonymous_5)","decl":{"start":{"line":89,"column":14},"end":{"line":89,"column":29}},"loc":{"start":{"line":89,"column":29},"end":{"line":89,"column":null}},"line":89}},"branchMap":{"0":{"loc":{"start":{"line":21,"column":19},"end":{"line":21,"column":null}},"type":"cond-expr","locations":[{"start":{"line":21,"column":43},"end":{"line":21,"column":63}},{"start":{"line":21,"column":63},"end":{"line":21,"column":null}}],"line":21},"1":{"loc":{"start":{"line":24,"column":17},"end":{"line":24,"column":null}},"type":"binary-expr","locations":[{"start":{"line":24,"column":17},"end":{"line":24,"column":36}},{"start":{"line":24,"column":36},"end":{"line":24,"column":null}}],"line":24},"2":{"loc":{"start":{"line":33,"column":4},"end":{"line":33,"column":null}},"type":"if","locations":[{"start":{"line":33,"column":4},"end":{"line":33,"column":null}},{"start":{},"end":{}}],"line":33},"3":{"loc":{"start":{"line":36,"column":16},"end":{"line":36,"column":null}},"type":"cond-expr","locations":[{"start":{"line":36,"column":29},"end":{"line":36,"column":62}},{"start":{"line":36,"column":62},"end":{"line":36,"column":null}}],"line":36},"4":{"loc":{"start":{"line":52,"column":11},"end":{"line":53,"column":null}},"type":"binary-expr","locations":[{"start":{"line":52,"column":11},"end":{"line":52,"column":25}},{"start":{"line":52,"column":25},"end":{"line":53,"column":null}}],"line":52},"5":{"loc":{"start":{"line":79,"column":18},"end":{"line":81,"column":null}},"type":"cond-expr","locations":[{"start":{"line":80,"column":22},"end":{"line":80,"column":null}},{"start":{"line":81,"column":22},"end":{"line":81,"column":null}}],"line":79},"6":{"loc":{"start":{"line":89,"column":47},"end":{"line":89,"column":71}},"type":"binary-expr","locations":[{"start":{"line":89,"column":47},"end":{"line":89,"column":68}},{"start":{"line":89,"column":68},"end":{"line":89,"column":71}}],"line":89},"7":{"loc":{"start":{"line":91,"column":16},"end":{"line":93,"column":null}},"type":"cond-expr","locations":[{"start":{"line":92,"column":20},"end":{"line":92,"column":null}},{"start":{"line":93,"column":20},"end":{"line":93,"column":null}}],"line":91},"8":{"loc":{"start":{"line":91,"column":37},"end":{"line":91,"column":null}},"type":"binary-expr","locations":[{"start":{"line":91,"column":37},"end":{"line":91,"column":58}},{"start":{"line":91,"column":58},"end":{"line":91,"column":null}}],"line":91}},"s":{"0":1,"1":5,"2":5,"3":5,"4":5,"5":5,"6":5,"7":5,"8":5,"9":1,"10":0,"11":1,"12":5,"13":1,"14":20,"15":1,"16":0},"f":{"0":5,"1":1,"2":1,"3":20,"4":1,"5":0},"b":{"0":[5,0],"1":[5,1],"2":[0,1],"3":[1,0],"4":[5,5],"5":[4,16],"6":[0,0],"7":[3,2],"8":[5,0]},"meta":{"lastBranch":9,"lastFunction":6,"lastStatement":17,"seen":{"s:13:16:18:Infinity":0,"f:20:24:20:40":0,"s:21:19:21:Infinity":1,"b:21:43:21:63:21:63:21:Infinity":0,"s:22:18:22:Infinity":2,"s:24:17:24:Infinity":3,"b:24:17:24:36:24:36:24:Infinity":1,"s:25:17:25:Infinity":4,"s:27:14:27:Infinity":5,"s:28:8:28:Infinity":6,"s:29:8:29:Infinity":7,"s:30:8:30:Infinity":8,"f:32:11:32:24":1,"b:33:4:33:Infinity:undefined:undefined:undefined:undefined":2,"s:33:4:33:Infinity":9,"s:33:17:33:Infinity":10,"s:34:4:43:Infinity":11,"b:36:29:36:62:36:62:36:Infinity":3,"s:46:2:122:Infinity":12,"b:52:11:52:25:52:25:53:Infinity":4,"f:66:14:66:24":2,"s:66:29:66:Infinity":13,"f:73:21:73:25":3,"s:74:14:85:Infinity":14,"f:77:16:77:31":4,"s:77:31:77:Infinity":15,"b:80:22:80:Infinity:81:22:81:Infinity":5,"f:89:14:89:29":5,"s:89:29:89:Infinity":16,"b:89:47:89:68:89:68:89:71":6,"b:92:20:92:Infinity:93:20:93:Infinity":7,"b:91:37:91:58:91:58:91:Infinity":8}}}
,"/tmp/workspace/rudy750/calClories/src/components/logging/MacroSummary.tsx": {"path":"/tmp/workspace/rudy750/calClories/src/components/logging/MacroSummary.tsx","statementMap":{"0":{"start":{"line":15,"column":8},"end":{"line":15,"column":null}},"1":{"start":{"line":16,"column":24},"end":{"line":16,"column":null}},"2":{"start":{"line":17,"column":19},"end":{"line":17,"column":null}},"3":{"start":{"line":18,"column":17},"end":{"line":18,"column":null}},"4":{"start":{"line":20,"column":2},"end":{"line":31,"column":null}},"5":{"start":{"line":38,"column":14},"end":{"line":38,"column":null}},"6":{"start":{"line":39,"column":2},"end":{"line":48,"column":null}},"7":{"start":{"line":53,"column":20},"end":{"line":53,"column":null}},"8":{"start":{"line":54,"column":21},"end":{"line":54,"column":null}},"9":{"start":{"line":56,"column":2},"end":{"line":78,"column":null}}},"fnMap":{"0":{"name":"Ring","decl":{"start":{"line":12,"column":9},"end":{"line":12,"column":14}},"loc":{"start":{"line":14,"column":3},"end":{"line":33,"column":null}},"line":14},"1":{"name":"MacroBar","decl":{"start":{"line":35,"column":9},"end":{"line":35,"column":18}},"loc":{"start":{"line":37,"column":3},"end":{"line":50,"column":null}},"line":37},"2":{"name":"MacroSummary","decl":{"start":{"line":52,"column":24},"end":{"line":52,"column":37}},"loc":{"start":{"line":52,"column":138},"end":{"line":80,"column":null}},"line":52}},"branchMap":{"0":{"loc":{"start":{"line":12,"column":35},"end":{"line":12,"column":null}},"type":"default-arg","locations":[{"start":{"line":12,"column":42},"end":{"line":12,"column":null}}],"line":12},"1":{"loc":{"start":{"line":60,"column":61},"end":{"line":60,"column":97}},"type":"cond-expr","locations":[{"start":{"line":60,"column":74},"end":{"line":60,"column":86}},{"start":{"line":60,"column":86},"end":{"line":60,"column":97}}],"line":60},"2":{"loc":{"start":{"line":67,"column":51},"end":{"line":67,"column":null}},"type":"cond-expr","locations":[{"start":{"line":67,"column":64},"end":{"line":67,"column":81}},{"start":{"line":67,"column":81},"end":{"line":67,"column":null}}],"line":67},"3":{"loc":{"start":{"line":68,"column":13},"end":{"line":68,"column":null}},"type":"cond-expr","locations":[{"start":{"line":68,"column":26},"end":{"line":68,"column":58}},{"start":{"line":68,"column":58},"end":{"line":68,"column":null}}],"line":68}},"s":{"0":3,"1":3,"2":3,"3":3,"4":3,"5":9,"6":9,"7":3,"8":3,"9":3},"f":{"0":3,"1":9,"2":3},"b":{"0":[3],"1":[1,2],"2":[1,2],"3":[1,2]},"meta":{"lastBranch":4,"lastFunction":3,"lastStatement":10,"seen":{"f:12:9:12:14":0,"b:12:42:12:Infinity":0,"s:15:8:15:Infinity":0,"s:16:24:16:Infinity":1,"s:17:19:17:Infinity":2,"s:18:17:18:Infinity":3,"s:20:2:31:Infinity":4,"f:35:9:35:18":1,"s:38:14:38:Infinity":5,"s:39:2:48:Infinity":6,"f:52:24:52:37":2,"s:53:20:53:Infinity":7,"s:54:21:54:Infinity":8,"s:56:2:78:Infinity":9,"b:60:74:60:86:60:86:60:97":1,"b:67:64:67:81:67:81:67:Infinity":2,"b:68:26:68:58:68:58:68:Infinity":3}}}
,"/tmp/workspace/rudy750/calClories/src/components/logging/MealList.tsx": {"path":"/tmp/workspace/rudy750/calClories/src/components/logging/MealList.tsx","statementMap":{"0":{"start":{"line":5,"column":19},"end":{"line":5,"column":null}},"1":{"start":{"line":6,"column":44},"end":{"line":11,"column":null}},"2":{"start":{"line":20,"column":8},"end":{"line":27,"column":null}},"3":{"start":{"line":21,"column":16},"end":{"line":21,"column":null}},"4":{"start":{"line":22,"column":4},"end":{"line":22,"column":null}},"5":{"start":{"line":22,"column":35},"end":{"line":22,"column":null}},"6":{"start":{"line":23,"column":4},"end":{"line":25,"column":null}},"7":{"start":{"line":24,"column":6},"end":{"line":24,"column":null}},"8":{"start":{"line":26,"column":4},"end":{"line":26,"column":null}},"9":{"start":{"line":29,"column":2},"end":{"line":70,"column":null}},"10":{"start":{"line":32,"column":22},"end":{"line":32,"column":null}},"11":{"start":{"line":33,"column":22},"end":{"line":33,"column":null}},"12":{"start":{"line":33,"column":45},"end":{"line":33,"column":61}},"13":{"start":{"line":34,"column":8},"end":{"line":67,"column":null}},"14":{"start":{"line":41,"column":14},"end":{"line":58,"column":null}},"15":{"start":{"line":52,"column":35},"end":{"line":52,"column":null}},"16":{"start":{"line":62,"column":29},"end":{"line":62,"column":null}}},"fnMap":{"0":{"name":"MealList","decl":{"start":{"line":19,"column":24},"end":{"line":19,"column":33}},"loc":{"start":{"line":19,"column":74},"end":{"line":72,"column":null}},"line":19},"1":{"name":"(anonymous_1)","decl":{"start":{"line":20,"column":18},"end":{"line":20,"column":32}},"loc":{"start":{"line":20,"column":32},"end":{"line":27,"column":5}},"line":20},"2":{"name":"(anonymous_2)","decl":{"start":{"line":31,"column":18},"end":{"line":31,"column":22}},"loc":{"start":{"line":31,"column":30},"end":{"line":69,"column":7}},"line":31},"3":{"name":"(anonymous_3)","decl":{"start":{"line":33,"column":28},"end":{"line":33,"column":36}},"loc":{"start":{"line":33,"column":45},"end":{"line":33,"column":61}},"line":33},"4":{"name":"(anonymous_4)","decl":{"start":{"line":40,"column":19},"end":{"line":40,"column":23}},"loc":{"start":{"line":41,"column":14},"end":{"line":58,"column":null}},"line":41},"5":{"name":"(anonymous_5)","decl":{"start":{"line":52,"column":20},"end":{"line":52,"column":35}},"loc":{"start":{"line":52,"column":35},"end":{"line":52,"column":null}},"line":52},"6":{"name":"(anonymous_6)","decl":{"start":{"line":62,"column":14},"end":{"line":62,"column":29}},"loc":{"start":{"line":62,"column":29},"end":{"line":62,"column":null}},"line":62}},"branchMap":{"0":{"loc":{"start":{"line":32,"column":22},"end":{"line":32,"column":null}},"type":"binary-expr","locations":[{"start":{"line":32,"column":22},"end":{"line":32,"column":43}},{"start":{"line":32,"column":43},"end":{"line":32,"column":null}}],"line":32},"1":{"loc":{"start":{"line":38,"column":55},"end":{"line":38,"column":94}},"type":"cond-expr","locations":[{"start":{"line":38,"column":67},"end":{"line":38,"column":85}},{"start":{"line":38,"column":85},"end":{"line":38,"column":94}}],"line":38},"2":{"loc":{"start":{"line":52,"column":35},"end":{"line":52,"column":null}},"type":"binary-expr","locations":[{"start":{"line":52,"column":35},"end":{"line":52,"column":51}},{"start":{"line":52,"column":51},"end":{"line":52,"column":null}}],"line":52}},"s":{"0":1,"1":1,"2":3,"3":3,"4":3,"5":12,"6":3,"7":9,"8":3,"9":3,"10":12,"11":12,"12":9,"13":12,"14":9,"15":1,"16":2},"f":{"0":3,"1":3,"2":12,"3":9,"4":9,"5":1,"6":2},"b":{"0":[12,0],"1":[6,6],"2":[1,1]},"meta":{"lastBranch":3,"lastFunction":7,"lastStatement":17,"seen":{"s:5:19:5:Infinity":0,"s:6:44:11:Infinity":1,"f:19:24:19:33":0,"s:20:8:27:Infinity":2,"f:20:18:20:32":1,"s:21:16:21:Infinity":3,"s:22:4:22:Infinity":4,"s:22:35:22:Infinity":5,"s:23:4:25:Infinity":6,"s:24:6:24:Infinity":7,"s:26:4:26:Infinity":8,"s:29:2:70:Infinity":9,"f:31:18:31:22":2,"s:32:22:32:Infinity":10,"b:32:22:32:43:32:43:32:Infinity":0,"s:33:22:33:Infinity":11,"f:33:28:33:36":3,"s:33:45:33:61":12,"s:34:8:67:Infinity":13,"b:38:67:38:85:38:85:38:94":1,"f:40:19:40:23":4,"s:41:14:58:Infinity":14,"f:52:20:52:35":5,"s:52:35:52:Infinity":15,"b:52:35:52:51:52:51:52:Infinity":2,"f:62:14:62:29":6,"s:62:29:62:Infinity":16}}}
,"/tmp/workspace/rudy750/calClories/src/components/logging/QuickAddModal.tsx": {"path":"/tmp/workspace/rudy750/calClories/src/components/logging/QuickAddModal.tsx","statementMap":{"0":{"start":{"line":12,"column":19},"end":{"line":12,"column":null}},"1":{"start":{"line":13,"column":18},"end":{"line":13,"column":null}},"2":{"start":{"line":14,"column":15},"end":{"line":14,"column":null}},"3":{"start":{"line":15,"column":14},"end":{"line":15,"column":null}},"4":{"start":{"line":16,"column":15},"end":{"line":16,"column":null}},"5":{"start":{"line":19,"column":16},"end":{"line":19,"column":null}},"6":{"start":{"line":20,"column":4},"end":{"line":20,"column":null}},"7":{"start":{"line":20,"column":14},"end":{"line":20,"column":null}},"8":{"start":{"line":21,"column":4},"end":{"line":30,"column":null}},"9":{"start":{"line":33,"column":2},"end":{"line":98,"column":null}},"10":{"start":{"line":52,"column":29},"end":{"line":52,"column":null}},"11":{"start":{"line":62,"column":29},"end":{"line":62,"column":null}},"12":{"start":{"line":74,"column":14},"end":{"line":84,"column":null}},"13":{"start":{"line":80,"column":33},"end":{"line":80,"column":null}}},"fnMap":{"0":{"name":"QuickAddModal","decl":{"start":{"line":11,"column":24},"end":{"line":11,"column":38}},"loc":{"start":{"line":11,"column":72},"end":{"line":100,"column":null}},"line":11},"1":{"name":"handleSave","decl":{"start":{"line":18,"column":11},"end":{"line":18,"column":24}},"loc":{"start":{"line":18,"column":24},"end":{"line":31,"column":null}},"line":18},"2":{"name":"(anonymous_2)","decl":{"start":{"line":52,"column":14},"end":{"line":52,"column":24}},"loc":{"start":{"line":52,"column":29},"end":{"line":52,"column":null}},"line":52},"3":{"name":"(anonymous_3)","decl":{"start":{"line":62,"column":14},"end":{"line":62,"column":24}},"loc":{"start":{"line":62,"column":29},"end":{"line":62,"column":null}},"line":62},"4":{"name":"(anonymous_4)","decl":{"start":{"line":73,"column":14},"end":{"line":73,"column":19}},"loc":{"start":{"line":74,"column":14},"end":{"line":84,"column":null}},"line":74},"5":{"name":"(anonymous_5)","decl":{"start":{"line":80,"column":18},"end":{"line":80,"column":28}},"loc":{"start":{"line":80,"column":33},"end":{"line":80,"column":null}},"line":80}},"branchMap":{"0":{"loc":{"start":{"line":20,"column":4},"end":{"line":20,"column":null}},"type":"if","locations":[{"start":{"line":20,"column":4},"end":{"line":20,"column":null}},{"start":{},"end":{}}],"line":20},"1":{"loc":{"start":{"line":23,"column":16},"end":{"line":23,"column":null}},"type":"binary-expr","locations":[{"start":{"line":23,"column":16},"end":{"line":23,"column":24}},{"start":{"line":23,"column":24},"end":{"line":23,"column":null}}],"line":23},"2":{"loc":{"start":{"line":26,"column":16},"end":{"line":26,"column":null}},"type":"binary-expr","locations":[{"start":{"line":26,"column":16},"end":{"line":26,"column":35}},{"start":{"line":26,"column":35},"end":{"line":26,"column":null}}],"line":26},"3":{"loc":{"start":{"line":27,"column":13},"end":{"line":27,"column":null}},"type":"binary-expr","locations":[{"start":{"line":27,"column":13},"end":{"line":27,"column":29}},{"start":{"line":27,"column":29},"end":{"line":27,"column":null}}],"line":27},"4":{"loc":{"start":{"line":28,"column":12},"end":{"line":28,"column":null}},"type":"binary-expr","locations":[{"start":{"line":28,"column":12},"end":{"line":28,"column":27}},{"start":{"line":28,"column":27},"end":{"line":28,"column":null}}],"line":28},"5":{"loc":{"start":{"line":95,"column":15},"end":{"line":95,"column":null}},"type":"cond-expr","locations":[{"start":{"line":95,"column":26},"end":{"line":95,"column":47}},{"start":{"line":95,"column":47},"end":{"line":95,"column":null}}],"line":95}},"s":{"0":10,"1":10,"2":10,"3":10,"4":10,"5":2,"6":2,"7":0,"8":2,"9":10,"10":2,"11":2,"12":30,"13":3},"f":{"0":10,"1":2,"2":2,"3":2,"4":30,"5":3},"b":{"0":[0,2],"1":[2,1],"2":[2,1],"3":[2,1],"4":[2,1],"5":[5,5]},"meta":{"lastBranch":6,"lastFunction":6,"lastStatement":14,"seen":{"f:11:24:11:38":0,"s:12:19:12:Infinity":0,"s:13:18:13:Infinity":1,"s:14:15:14:Infinity":2,"s:15:14:15:Infinity":3,"s:16:15:16:Infinity":4,"f:18:11:18:24":1,"s:19:16:19:Infinity":5,"b:20:4:20:Infinity:undefined:undefined:undefined:undefined":0,"s:20:4:20:Infinity":6,"s:20:14:20:Infinity":7,"s:21:4:30:Infinity":8,"b:23:16:23:24:23:24:23:Infinity":1,"b:26:16:26:35:26:35:26:Infinity":2,"b:27:13:27:29:27:29:27:Infinity":3,"b:28:12:28:27:28:27:28:Infinity":4,"s:33:2:98:Infinity":9,"f:52:14:52:24":2,"s:52:29:52:Infinity":10,"f:62:14:62:24":3,"s:62:29:62:Infinity":11,"f:73:14:73:19":4,"s:74:14:84:Infinity":12,"f:80:18:80:28":5,"s:80:33:80:Infinity":13,"b:95:26:95:47:95:47:95:Infinity":5}}}
,"/tmp/workspace/rudy750/calClories/src/domain/adaptiveEngine.ts": {"path":"/tmp/workspace/rudy750/calClories/src/domain/adaptiveEngine.ts","statementMap":{"0":{"start":{"line":6,"column":2},"end":{"line":6,"column":null}},"1":{"start":{"line":6,"column":25},"end":{"line":6,"column":null}},"2":{"start":{"line":7,"column":12},"end":{"line":7,"column":null}},"3":{"start":{"line":8,"column":15},"end":{"line":8,"column":null}},"4":{"start":{"line":8,"column":39},"end":{"line":8,"column":48}},"5":{"start":{"line":9,"column":15},"end":{"line":9,"column":null}},"6":{"start":{"line":9,"column":39},"end":{"line":9,"column":48}},"7":{"start":{"line":10,"column":16},"end":{"line":10,"column":null}},"8":{"start":{"line":10,"column":40},"end":{"line":10,"column":55}},"9":{"start":{"line":11,"column":16},"end":{"line":11,"column":null}},"10":{"start":{"line":11,"column":40},"end":{"line":11,"column":55}},"11":{"start":{"line":12,"column":16},"end":{"line":12,"column":null}},"12":{"start":{"line":13,"column":2},"end":{"line":13,"column":null}},"13":{"start":{"line":13,"column":19},"end":{"line":13,"column":null}},"14":{"start":{"line":14,"column":2},"end":{"line":14,"column":null}},"15":{"start":{"line":23,"column":2},"end":{"line":23,"column":null}},"16":{"start":{"line":23,"column":49},"end":{"line":23,"column":null}},"17":{"start":{"line":26,"column":17},"end":{"line":26,"column":null}},"18":{"start":{"line":26,"column":46},"end":{"line":26,"column":74}},"19":{"start":{"line":27,"column":2},"end":{"line":27,"column":null}},"20":{"start":{"line":27,"column":25},"end":{"line":27,"column":null}},"21":{"start":{"line":29,"column":20},"end":{"line":29,"column":null}},"22":{"start":{"line":30,"column":17},"end":{"line":33,"column":null}},"23":{"start":{"line":31,"column":21},"end":{"line":31,"column":null}},"24":{"start":{"line":32,"column":4},"end":{"line":32,"column":null}},"25":{"start":{"line":35,"column":24},"end":{"line":35,"column":null}},"26":{"start":{"line":38,"column":21},"end":{"line":38,"column":null}},"27":{"start":{"line":39,"column":2},"end":{"line":41,"column":null}},"28":{"start":{"line":40,"column":4},"end":{"line":40,"column":null}},"29":{"start":{"line":42,"column":16},"end":{"line":42,"column":null}},"30":{"start":{"line":43,"column":2},"end":{"line":43,"column":null}},"31":{"start":{"line":43,"column":30},"end":{"line":43,"column":null}},"32":{"start":{"line":45,"column":18},"end":{"line":45,"column":null}},"33":{"start":{"line":45,"column":67},"end":{"line":45,"column":74}},"34":{"start":{"line":48,"column":2},"end":{"line":48,"column":null}},"35":{"start":{"line":52,"column":2},"end":{"line":52,"column":null}},"36":{"start":{"line":55,"column":26},"end":{"line":55,"column":null}},"37":{"start":{"line":62,"column":25},"end":{"line":64,"column":null}},"38":{"start":{"line":66,"column":20},"end":{"line":66,"column":null}},"39":{"start":{"line":69,"column":16},"end":{"line":69,"column":null}},"40":{"start":{"line":70,"column":23},"end":{"line":70,"column":null}},"41":{"start":{"line":71,"column":20},"end":{"line":71,"column":null}},"42":{"start":{"line":73,"column":2},"end":{"line":73,"column":null}},"43":{"start":{"line":75,"column":8},"end":{"line":79,"column":null}},"44":{"start":{"line":81,"column":2},"end":{"line":87,"column":null}}},"fnMap":{"0":{"name":"linearRegressionSlope","decl":{"start":{"line":5,"column":16},"end":{"line":5,"column":38}},"loc":{"start":{"line":5,"column":82},"end":{"line":15,"column":null}},"line":5},"1":{"name":"(anonymous_1)","decl":{"start":{"line":8,"column":22},"end":{"line":8,"column":30}},"loc":{"start":{"line":8,"column":39},"end":{"line":8,"column":48}},"line":8},"2":{"name":"(anonymous_2)","decl":{"start":{"line":9,"column":22},"end":{"line":9,"column":30}},"loc":{"start":{"line":9,"column":39},"end":{"line":9,"column":48}},"line":9},"3":{"name":"(anonymous_3)","decl":{"start":{"line":10,"column":23},"end":{"line":10,"column":31}},"loc":{"start":{"line":10,"column":40},"end":{"line":10,"column":55}},"line":10},"4":{"name":"(anonymous_4)","decl":{"start":{"line":11,"column":23},"end":{"line":11,"column":31}},"loc":{"start":{"line":11,"column":40},"end":{"line":11,"column":55}},"line":11},"5":{"name":"estimateTDEE","decl":{"start":{"line":18,"column":16},"end":{"line":18,"column":null}},"loc":{"start":{"line":22,"column":17},"end":{"line":49,"column":null}},"line":22},"6":{"name":"(anonymous_6)","decl":{"start":{"line":26,"column":31},"end":{"line":26,"column":37}},"loc":{"start":{"line":26,"column":46},"end":{"line":26,"column":74}},"line":26},"7":{"name":"(anonymous_7)","decl":{"start":{"line":30,"column":24},"end":{"line":30,"column":28}},"loc":{"start":{"line":30,"column":33},"end":{"line":33,"column":3}},"line":30},"8":{"name":"(anonymous_8)","decl":{"start":{"line":45,"column":50},"end":{"line":45,"column":58}},"loc":{"start":{"line":45,"column":67},"end":{"line":45,"column":74}},"line":45},"9":{"name":"daysBetween","decl":{"start":{"line":51,"column":9},"end":{"line":51,"column":21}},"loc":{"start":{"line":51,"column":51},"end":{"line":53,"column":null}},"line":51},"10":{"name":"computeAdaptiveTarget","decl":{"start":{"line":57,"column":16},"end":{"line":57,"column":null}},"loc":{"start":{"line":61,"column":17},"end":{"line":88,"column":null}},"line":61}},"branchMap":{"0":{"loc":{"start":{"line":6,"column":2},"end":{"line":6,"column":null}},"type":"if","locations":[{"start":{"line":6,"column":2},"end":{"line":6,"column":null}},{"start":{},"end":{}}],"line":6},"1":{"loc":{"start":{"line":13,"column":2},"end":{"line":13,"column":null}},"type":"if","locations":[{"start":{"line":13,"column":2},"end":{"line":13,"column":null}},{"start":{},"end":{}}],"line":13},"2":{"loc":{"start":{"line":21,"column":2},"end":{"line":21,"column":null}},"type":"default-arg","locations":[{"start":{"line":21,"column":12},"end":{"line":21,"column":null}}],"line":21},"3":{"loc":{"start":{"line":23,"column":2},"end":{"line":23,"column":null}},"type":"if","locations":[{"start":{"line":23,"column":2},"end":{"line":23,"column":null}},{"start":{},"end":{}}],"line":23},"4":{"loc":{"start":{"line":23,"column":6},"end":{"line":23,"column":49}},"type":"binary-expr","locations":[{"start":{"line":23,"column":6},"end":{"line":23,"column":29}},{"start":{"line":23,"column":29},"end":{"line":23,"column":49}}],"line":23},"5":{"loc":{"start":{"line":27,"column":2},"end":{"line":27,"column":null}},"type":"if","locations":[{"start":{"line":27,"column":2},"end":{"line":27,"column":null}},{"start":{},"end":{}}],"line":27},"6":{"loc":{"start":{"line":40,"column":28},"end":{"line":40,"column":59}},"type":"binary-expr","locations":[{"start":{"line":40,"column":28},"end":{"line":40,"column":54}},{"start":{"line":40,"column":54},"end":{"line":40,"column":59}}],"line":40},"7":{"loc":{"start":{"line":43,"column":2},"end":{"line":43,"column":null}},"type":"if","locations":[{"start":{"line":43,"column":2},"end":{"line":43,"column":null}},{"start":{},"end":{}}],"line":43},"8":{"loc":{"start":{"line":62,"column":25},"end":{"line":64,"column":null}},"type":"cond-expr","locations":[{"start":{"line":63,"column":6},"end":{"line":63,"column":null}},{"start":{"line":64,"column":7},"end":{"line":64,"column":null}}],"line":62},"9":{"loc":{"start":{"line":64,"column":48},"end":{"line":64,"column":null}},"type":"cond-expr","locations":[{"start":{"line":64,"column":78},"end":{"line":64,"column":82}},{"start":{"line":64,"column":82},"end":{"line":64,"column":null}}],"line":64},"10":{"loc":{"start":{"line":76,"column":16},"end":{"line":76,"column":null}},"type":"binary-expr","locations":[{"start":{"line":76,"column":16},"end":{"line":76,"column":44}},{"start":{"line":76,"column":44},"end":{"line":76,"column":null}}],"line":76},"11":{"loc":{"start":{"line":77,"column":13},"end":{"line":77,"column":null}},"type":"binary-expr","locations":[{"start":{"line":77,"column":13},"end":{"line":77,"column":38}},{"start":{"line":77,"column":38},"end":{"line":77,"column":null}}],"line":77},"12":{"loc":{"start":{"line":78,"column":12},"end":{"line":78,"column":null}},"type":"binary-expr","locations":[{"start":{"line":78,"column":12},"end":{"line":78,"column":36}},{"start":{"line":78,"column":36},"end":{"line":78,"column":null}}],"line":78}},"s":{"0":3,"1":1,"2":2,"3":2,"4":6,"5":2,"6":6,"7":2,"8":6,"9":2,"10":6,"11":2,"12":2,"13":0,"14":2,"15":3,"16":2,"17":1,"18":1,"19":1,"20":0,"21":1,"22":1,"23":2,"24":2,"25":1,"26":1,"27":1,"28":8,"29":1,"30":1,"31":0,"32":1,"33":8,"34":1,"35":2,"36":1,"37":2,"38":2,"39":2,"40":2,"41":2,"42":2,"43":2,"44":2},"f":{"0":3,"1":6,"2":6,"3":6,"4":6,"5":3,"6":1,"7":2,"8":8,"9":2,"10":2},"b":{"0":[1,2],"1":[0,2],"2":[3],"3":[2,1],"4":[3,1],"5":[0,1],"6":[8,8],"7":[0,1],"8":[1,1],"9":[0,1],"10":[2,2],"11":[2,2],"12":[2,2]},"meta":{"lastBranch":13,"lastFunction":11,"lastStatement":45,"seen":{"f:5:16:5:38":0,"b:6:2:6:Infinity:undefined:undefined:undefined:undefined":0,"s:6:2:6:Infinity":0,"s:6:25:6:Infinity":1,"s:7:12:7:Infinity":2,"s:8:15:8:Infinity":3,"f:8:22:8:30":1,"s:8:39:8:48":4,"s:9:15:9:Infinity":5,"f:9:22:9:30":2,"s:9:39:9:48":6,"s:10:16:10:Infinity":7,"f:10:23:10:31":3,"s:10:40:10:55":8,"s:11:16:11:Infinity":9,"f:11:23:11:31":4,"s:11:40:11:55":10,"s:12:16:12:Infinity":11,"b:13:2:13:Infinity:undefined:undefined:undefined:undefined":1,"s:13:2:13:Infinity":12,"s:13:19:13:Infinity":13,"s:14:2:14:Infinity":14,"f:18:16:18:Infinity":5,"b:21:12:21:Infinity":2,"b:23:2:23:Infinity:undefined:undefined:undefined:undefined":3,"s:23:2:23:Infinity":15,"b:23:6:23:29:23:29:23:49":4,"s:23:49:23:Infinity":16,"s:26:17:26:Infinity":17,"f:26:31:26:37":6,"s:26:46:26:74":18,"b:27:2:27:Infinity:undefined:undefined:undefined:undefined":5,"s:27:2:27:Infinity":19,"s:27:25:27:Infinity":20,"s:29:20:29:Infinity":21,"s:30:17:33:Infinity":22,"f:30:24:30:28":7,"s:31:21:31:Infinity":23,"s:32:4:32:Infinity":24,"s:35:24:35:Infinity":25,"s:38:21:38:Infinity":26,"s:39:2:41:Infinity":27,"s:40:4:40:Infinity":28,"b:40:28:40:54:40:54:40:59":6,"s:42:16:42:Infinity":29,"b:43:2:43:Infinity:undefined:undefined:undefined:undefined":7,"s:43:2:43:Infinity":30,"s:43:30:43:Infinity":31,"s:45:18:45:Infinity":32,"f:45:50:45:58":8,"s:45:67:45:74":33,"s:48:2:48:Infinity":34,"f:51:9:51:21":9,"s:52:2:52:Infinity":35,"s:55:26:55:Infinity":36,"f:57:16:57:Infinity":10,"s:62:25:64:Infinity":37,"b:63:6:63:Infinity:64:7:64:Infinity":8,"b:64:78:64:82:64:82:64:Infinity":9,"s:66:20:66:Infinity":38,"s:69:16:69:Infinity":39,"s:70:23:70:Infinity":40,"s:71:20:71:Infinity":41,"s:73:2:73:Infinity":42,"s:75:8:79:Infinity":43,"b:76:16:76:44:76:44:76:Infinity":10,"b:77:13:77:38:77:38:77:Infinity":11,"b:78:12:78:36:78:36:78:Infinity":12,"s:81:2:87:Infinity":44}}}
,"/tmp/workspace/rudy750/calClories/src/domain/macroEngine.ts": {"path":"/tmp/workspace/rudy750/calClories/src/domain/macroEngine.ts","statementMap":{"0":{"start":{"line":3,"column":60},"end":{"line":9,"column":null}},"1":{"start":{"line":13,"column":15},"end":{"line":13,"column":null}},"2":{"start":{"line":14,"column":2},"end":{"line":14,"column":null}},"3":{"start":{"line":18,"column":2},"end":{"line":18,"column":null}},"4":{"start":{"line":22,"column":14},"end":{"line":22,"column":null}},"5":{"start":{"line":23,"column":2},"end":{"line":23,"column":null}},"6":{"start":{"line":23,"column":39},"end":{"line":23,"column":null}},"7":{"start":{"line":24,"column":2},"end":{"line":24,"column":null}},"8":{"start":{"line":34,"column":2},"end":{"line":43,"column":null}},"9":{"start":{"line":35,"column":25},"end":{"line":35,"column":38}},"10":{"start":{"line":35,"column":38},"end":{"line":35,"column":51}},"11":{"start":{"line":35,"column":51},"end":{"line":35,"column":64}},"12":{"start":{"line":35,"column":64},"end":{"line":35,"column":null}},"13":{"start":{"line":36,"column":25},"end":{"line":36,"column":38}},"14":{"start":{"line":36,"column":38},"end":{"line":36,"column":51}},"15":{"start":{"line":36,"column":51},"end":{"line":36,"column":64}},"16":{"start":{"line":36,"column":64},"end":{"line":36,"column":null}},"17":{"start":{"line":38,"column":6},"end":{"line":38,"column":null}},"18":{"start":{"line":39,"column":6},"end":{"line":39,"column":null}},"19":{"start":{"line":40,"column":6},"end":{"line":40,"column":null}},"20":{"start":{"line":41,"column":6},"end":{"line":41,"column":null}},"21":{"start":{"line":42,"column":13},"end":{"line":42,"column":26}},"22":{"start":{"line":42,"column":26},"end":{"line":42,"column":39}},"23":{"start":{"line":42,"column":39},"end":{"line":42,"column":null}},"24":{"start":{"line":45,"column":2},"end":{"line":49,"column":null}},"25":{"start":{"line":53,"column":15},"end":{"line":53,"column":null}},"26":{"start":{"line":54,"column":19},"end":{"line":54,"column":null}},"27":{"start":{"line":55,"column":17},"end":{"line":59,"column":null}},"28":{"start":{"line":61,"column":2},"end":{"line":67,"column":null}},"29":{"start":{"line":71,"column":14},"end":{"line":71,"column":null}},"30":{"start":{"line":72,"column":2},"end":{"line":72,"column":null}}},"fnMap":{"0":{"name":"computeBMR","decl":{"start":{"line":11,"column":16},"end":{"line":11,"column":27}},"loc":{"start":{"line":11,"column":57},"end":{"line":15,"column":null}},"line":11},"1":{"name":"computeTDEE","decl":{"start":{"line":17,"column":16},"end":{"line":17,"column":28}},"loc":{"start":{"line":17,"column":58},"end":{"line":19,"column":null}},"line":17},"2":{"name":"computeGoalCalories","decl":{"start":{"line":21,"column":16},"end":{"line":21,"column":36}},"loc":{"start":{"line":21,"column":80},"end":{"line":25,"column":null}},"line":21},"3":{"name":"macroSplitFromPreset","decl":{"start":{"line":27,"column":16},"end":{"line":27,"column":null}},"loc":{"start":{"line":31,"column":53},"end":{"line":50,"column":null}},"line":31},"4":{"name":"buildInitialTarget","decl":{"start":{"line":52,"column":16},"end":{"line":52,"column":35}},"loc":{"start":{"line":52,"column":72},"end":{"line":68,"column":null}},"line":52},"5":{"name":"applyMinimumSafety","decl":{"start":{"line":70,"column":16},"end":{"line":70,"column":35}},"loc":{"start":{"line":70,"column":85},"end":{"line":73,"column":null}},"line":70}},"branchMap":{"0":{"loc":{"start":{"line":14,"column":9},"end":{"line":14,"column":null}},"type":"cond-expr","locations":[{"start":{"line":14,"column":34},"end":{"line":14,"column":45}},{"start":{"line":14,"column":45},"end":{"line":14,"column":null}}],"line":14},"1":{"loc":{"start":{"line":22,"column":61},"end":{"line":22,"column":null}},"type":"cond-expr","locations":[{"start":{"line":22,"column":91},"end":{"line":22,"column":95}},{"start":{"line":22,"column":95},"end":{"line":22,"column":null}}],"line":22},"2":{"loc":{"start":{"line":23,"column":2},"end":{"line":23,"column":null}},"type":"if","locations":[{"start":{"line":23,"column":2},"end":{"line":23,"column":null}},{"start":{},"end":{}}],"line":23},"3":{"loc":{"start":{"line":34,"column":2},"end":{"line":43,"column":null}},"type":"switch","locations":[{"start":{"line":35,"column":4},"end":{"line":35,"column":null}},{"start":{"line":36,"column":4},"end":{"line":36,"column":null}},{"start":{"line":37,"column":4},"end":{"line":41,"column":null}},{"start":{"line":42,"column":4},"end":{"line":42,"column":null}}],"line":34},"4":{"loc":{"start":{"line":38,"column":14},"end":{"line":38,"column":42}},"type":"binary-expr","locations":[{"start":{"line":38,"column":14},"end":{"line":38,"column":36}},{"start":{"line":38,"column":36},"end":{"line":38,"column":42}}],"line":38},"5":{"loc":{"start":{"line":39,"column":14},"end":{"line":39,"column":39}},"type":"binary-expr","locations":[{"start":{"line":39,"column":14},"end":{"line":39,"column":33}},{"start":{"line":39,"column":33},"end":{"line":39,"column":39}}],"line":39},"6":{"loc":{"start":{"line":40,"column":14},"end":{"line":40,"column":38}},"type":"binary-expr","locations":[{"start":{"line":40,"column":14},"end":{"line":40,"column":32}},{"start":{"line":40,"column":32},"end":{"line":40,"column":38}}],"line":40},"7":{"loc":{"start":{"line":56,"column":16},"end":{"line":56,"column":null}},"type":"binary-expr","locations":[{"start":{"line":56,"column":16},"end":{"line":56,"column":44}},{"start":{"line":56,"column":44},"end":{"line":56,"column":null}}],"line":56},"8":{"loc":{"start":{"line":57,"column":13},"end":{"line":57,"column":null}},"type":"binary-expr","locations":[{"start":{"line":57,"column":13},"end":{"line":57,"column":38}},{"start":{"line":57,"column":38},"end":{"line":57,"column":null}}],"line":57},"9":{"loc":{"start":{"line":58,"column":12},"end":{"line":58,"column":null}},"type":"binary-expr","locations":[{"start":{"line":58,"column":12},"end":{"line":58,"column":36}},{"start":{"line":58,"column":36},"end":{"line":58,"column":null}}],"line":58},"10":{"loc":{"start":{"line":71,"column":14},"end":{"line":71,"column":null}},"type":"cond-expr","locations":[{"start":{"line":71,"column":31},"end":{"line":71,"column":38}},{"start":{"line":71,"column":38},"end":{"line":71,"column":null}}],"line":71}},"s":{"0":2,"1":4,"2":4,"3":2,"4":4,"5":4,"6":2,"7":2,"8":7,"9":1,"10":1,"11":1,"12":1,"13":1,"14":1,"15":1,"16":1,"17":1,"18":1,"19":1,"20":1,"21":4,"22":4,"23":4,"24":7,"25":1,"26":1,"27":1,"28":1,"29":5,"30":5},"f":{"0":4,"1":2,"2":4,"3":7,"4":1,"5":5},"b":{"0":[3,1],"1":[1,3],"2":[2,2],"3":[1,1,1,4],"4":[1,0],"5":[1,0],"6":[1,0],"7":[1,1],"8":[1,1],"9":[1,1],"10":[3,2]},"meta":{"lastBranch":11,"lastFunction":6,"lastStatement":31,"seen":{"s:3:60:9:Infinity":0,"f:11:16:11:27":0,"s:13:15:13:Infinity":1,"s:14:2:14:Infinity":2,"b:14:34:14:45:14:45:14:Infinity":0,"f:17:16:17:28":1,"s:18:2:18:Infinity":3,"f:21:16:21:36":2,"s:22:14:22:Infinity":4,"b:22:91:22:95:22:95:22:Infinity":1,"b:23:2:23:Infinity:undefined:undefined:undefined:undefined":2,"s:23:2:23:Infinity":5,"s:23:39:23:Infinity":6,"s:24:2:24:Infinity":7,"f:27:16:27:Infinity":3,"b:35:4:35:Infinity:36:4:36:Infinity:37:4:41:Infinity:42:4:42:Infinity":3,"s:34:2:43:Infinity":8,"s:35:25:35:38":9,"s:35:38:35:51":10,"s:35:51:35:64":11,"s:35:64:35:Infinity":12,"s:36:25:36:38":13,"s:36:38:36:51":14,"s:36:51:36:64":15,"s:36:64:36:Infinity":16,"s:38:6:38:Infinity":17,"b:38:14:38:36:38:36:38:42":4,"s:39:6:39:Infinity":18,"b:39:14:39:33:39:33:39:39":5,"s:40:6:40:Infinity":19,"b:40:14:40:32:40:32:40:38":6,"s:41:6:41:Infinity":20,"s:42:13:42:26":21,"s:42:26:42:39":22,"s:42:39:42:Infinity":23,"s:45:2:49:Infinity":24,"f:52:16:52:35":4,"s:53:15:53:Infinity":25,"s:54:19:54:Infinity":26,"s:55:17:59:Infinity":27,"b:56:16:56:44:56:44:56:Infinity":7,"b:57:13:57:38:57:38:57:Infinity":8,"b:58:12:58:36:58:36:58:Infinity":9,"s:61:2:67:Infinity":28,"f:70:16:70:35":5,"s:71:14:71:Infinity":29,"b:71:31:71:38:71:38:71:Infinity":10,"s:72:2:72:Infinity":30}}}
,"/tmp/workspace/rudy750/calClories/src/services/nutritionService.ts": {"path":"/tmp/workspace/rudy750/calClories/src/services/nutritionService.ts","statementMap":{"0":{"start":{"line":6,"column":14},"end":{"line":6,"column":null}},"1":{"start":{"line":7,"column":12},"end":{"line":7,"column":null}},"2":{"start":{"line":10,"column":2},"end":{"line":10,"column":null}},"3":{"start":{"line":11,"column":2},"end":{"line":11,"column":null}},"4":{"start":{"line":15,"column":14},"end":{"line":15,"column":null}},"5":{"start":{"line":16,"column":2},"end":{"line":16,"column":null}},"6":{"start":{"line":16,"column":40},"end":{"line":16,"column":null}},"7":{"start":{"line":17,"column":2},"end":{"line":17,"column":null}},"8":{"start":{"line":21,"column":19},"end":{"line":21,"column":null}},"9":{"start":{"line":22,"column":14},"end":{"line":22,"column":null}},"10":{"start":{"line":23,"column":2},"end":{"line":23,"column":null}},"11":{"start":{"line":23,"column":19},"end":{"line":23,"column":null}},"12":{"start":{"line":25,"column":14},"end":{"line":25,"column":null}},"13":{"start":{"line":26,"column":2},"end":{"line":29,"column":null}},"14":{"start":{"line":27,"column":4},"end":{"line":27,"column":null}},"15":{"start":{"line":28,"column":4},"end":{"line":28,"column":null}},"16":{"start":{"line":31,"column":15},"end":{"line":31,"column":null}},"17":{"start":{"line":32,"column":2},"end":{"line":35,"column":null}},"18":{"start":{"line":33,"column":4},"end":{"line":33,"column":null}},"19":{"start":{"line":34,"column":4},"end":{"line":34,"column":null}},"20":{"start":{"line":37,"column":2},"end":{"line":37,"column":null}},"21":{"start":{"line":41,"column":2},"end":{"line":41,"column":null}},"22":{"start":{"line":41,"column":21},"end":{"line":41,"column":null}},"23":{"start":{"line":42,"column":19},"end":{"line":42,"column":null}},"24":{"start":{"line":43,"column":14},"end":{"line":43,"column":null}},"25":{"start":{"line":44,"column":2},"end":{"line":44,"column":null}},"26":{"start":{"line":44,"column":11},"end":{"line":44,"column":null}},"27":{"start":{"line":46,"column":36},"end":{"line":49,"column":null}},"28":{"start":{"line":52,"column":15},"end":{"line":52,"column":null}},"29":{"start":{"line":53,"column":42},"end":{"line":53,"column":null}},"30":{"start":{"line":54,"column":2},"end":{"line":60,"column":null}},"31":{"start":{"line":55,"column":22},"end":{"line":55,"column":null}},"32":{"start":{"line":56,"column":4},"end":{"line":59,"column":null}},"33":{"start":{"line":57,"column":6},"end":{"line":57,"column":null}},"34":{"start":{"line":58,"column":6},"end":{"line":58,"column":null}},"35":{"start":{"line":62,"column":2},"end":{"line":62,"column":null}}},"fnMap":{"0":{"name":"cached","decl":{"start":{"line":9,"column":9},"end":{"line":9,"column":16}},"loc":{"start":{"line":9,"column":88},"end":{"line":12,"column":null}},"line":9},"1":{"name":"fromCache","decl":{"start":{"line":14,"column":9},"end":{"line":14,"column":19}},"loc":{"start":{"line":14,"column":64},"end":{"line":18,"column":null}},"line":14},"2":{"name":"lookupBarcode","decl":{"start":{"line":20,"column":22},"end":{"line":20,"column":36}},"loc":{"start":{"line":20,"column":92},"end":{"line":38,"column":null}},"line":20},"3":{"name":"searchFood","decl":{"start":{"line":40,"column":22},"end":{"line":40,"column":33}},"loc":{"start":{"line":40,"column":82},"end":{"line":63,"column":null}},"line":40}},"branchMap":{"0":{"loc":{"start":{"line":16,"column":2},"end":{"line":16,"column":null}},"type":"if","locations":[{"start":{"line":16,"column":2},"end":{"line":16,"column":null}},{"start":{},"end":{}}],"line":16},"1":{"loc":{"start":{"line":16,"column":6},"end":{"line":16,"column":40}},"type":"binary-expr","locations":[{"start":{"line":16,"column":6},"end":{"line":16,"column":13}},{"start":{"line":16,"column":13},"end":{"line":16,"column":40}}],"line":16},"2":{"loc":{"start":{"line":23,"column":2},"end":{"line":23,"column":null}},"type":"if","locations":[{"start":{"line":23,"column":2},"end":{"line":23,"column":null}},{"start":{},"end":{}}],"line":23},"3":{"loc":{"start":{"line":26,"column":2},"end":{"line":29,"column":null}},"type":"if","locations":[{"start":{"line":26,"column":2},"end":{"line":29,"column":null}},{"start":{},"end":{}}],"line":26},"4":{"loc":{"start":{"line":32,"column":2},"end":{"line":35,"column":null}},"type":"if","locations":[{"start":{"line":32,"column":2},"end":{"line":35,"column":null}},{"start":{},"end":{}}],"line":32},"5":{"loc":{"start":{"line":41,"column":2},"end":{"line":41,"column":null}},"type":"if","locations":[{"start":{"line":41,"column":2},"end":{"line":41,"column":null}},{"start":{},"end":{}}],"line":41},"6":{"loc":{"start":{"line":44,"column":2},"end":{"line":44,"column":null}},"type":"if","locations":[{"start":{"line":44,"column":2},"end":{"line":44,"column":null}},{"start":{},"end":{}}],"line":44},"7":{"loc":{"start":{"line":55,"column":22},"end":{"line":55,"column":null}},"type":"binary-expr","locations":[{"start":{"line":55,"column":22},"end":{"line":55,"column":35}},{"start":{"line":55,"column":35},"end":{"line":55,"column":null}}],"line":55},"8":{"loc":{"start":{"line":56,"column":4},"end":{"line":59,"column":null}},"type":"if","locations":[{"start":{"line":56,"column":4},"end":{"line":59,"column":null}},{"start":{},"end":{}}],"line":56}},"s":{"0":1,"1":1,"2":4,"3":4,"4":5,"5":5,"6":1,"7":4,"8":4,"9":4,"10":4,"11":1,"12":3,"13":3,"14":2,"15":2,"16":1,"17":1,"18":1,"19":1,"20":0,"21":2,"22":1,"23":1,"24":1,"25":1,"26":0,"27":1,"28":1,"29":1,"30":1,"31":3,"32":3,"33":2,"34":2,"35":1},"f":{"0":4,"1":5,"2":4,"3":2},"b":{"0":[1,4],"1":[5,1],"2":[1,3],"3":[2,1],"4":[1,0],"5":[1,1],"6":[0,1],"7":[3,1],"8":[2,1]},"meta":{"lastBranch":9,"lastFunction":4,"lastStatement":36,"seen":{"s:6:14:6:Infinity":0,"s:7:12:7:Infinity":1,"f:9:9:9:16":0,"s:10:2:10:Infinity":2,"s:11:2:11:Infinity":3,"f:14:9:14:19":1,"s:15:14:15:Infinity":4,"b:16:2:16:Infinity:undefined:undefined:undefined:undefined":0,"s:16:2:16:Infinity":5,"b:16:6:16:13:16:13:16:40":1,"s:16:40:16:Infinity":6,"s:17:2:17:Infinity":7,"f:20:22:20:36":2,"s:21:19:21:Infinity":8,"s:22:14:22:Infinity":9,"b:23:2:23:Infinity:undefined:undefined:undefined:undefined":2,"s:23:2:23:Infinity":10,"s:23:19:23:Infinity":11,"s:25:14:25:Infinity":12,"b:26:2:29:Infinity:undefined:undefined:undefined:undefined":3,"s:26:2:29:Infinity":13,"s:27:4:27:Infinity":14,"s:28:4:28:Infinity":15,"s:31:15:31:Infinity":16,"b:32:2:35:Infinity:undefined:undefined:undefined:undefined":4,"s:32:2:35:Infinity":17,"s:33:4:33:Infinity":18,"s:34:4:34:Infinity":19,"s:37:2:37:Infinity":20,"f:40:22:40:33":3,"b:41:2:41:Infinity:undefined:undefined:undefined:undefined":5,"s:41:2:41:Infinity":21,"s:41:21:41:Infinity":22,"s:42:19:42:Infinity":23,"s:43:14:43:Infinity":24,"b:44:2:44:Infinity:undefined:undefined:undefined:undefined":6,"s:44:2:44:Infinity":25,"s:44:11:44:Infinity":26,"s:46:36:49:Infinity":27,"s:52:15:52:Infinity":28,"s:53:42:53:Infinity":29,"s:54:2:60:Infinity":30,"s:55:22:55:Infinity":31,"b:55:22:55:35:55:35:55:Infinity":7,"b:56:4:59:Infinity:undefined:undefined:undefined:undefined":8,"s:56:4:59:Infinity":32,"s:57:6:57:Infinity":33,"s:58:6:58:Infinity":34,"s:62:2:62:Infinity":35}}}
,"/tmp/workspace/rudy750/calClories/src/utils/units.ts": {"path":"/tmp/workspace/rudy750/calClories/src/utils/units.ts","statementMap":{"0":{"start":{"line":3,"column":17},"end":{"line":3,"column":null}},"1":{"start":{"line":4,"column":17},"end":{"line":4,"column":null}},"2":{"start":{"line":7,"column":2},"end":{"line":7,"column":null}},"3":{"start":{"line":11,"column":2},"end":{"line":11,"column":null}},"4":{"start":{"line":15,"column":2},"end":{"line":15,"column":null}},"5":{"start":{"line":19,"column":2},"end":{"line":19,"column":null}},"6":{"start":{"line":23,"column":2},"end":{"line":23,"column":null}},"7":{"start":{"line":27,"column":2},"end":{"line":27,"column":null}},"8":{"start":{"line":31,"column":2},"end":{"line":31,"column":null}}},"fnMap":{"0":{"name":"round","decl":{"start":{"line":6,"column":9},"end":{"line":6,"column":15}},"loc":{"start":{"line":6,"column":42},"end":{"line":8,"column":null}},"line":6},"1":{"name":"toDisplayWeight","decl":{"start":{"line":10,"column":16},"end":{"line":10,"column":32}},"loc":{"start":{"line":10,"column":83},"end":{"line":12,"column":null}},"line":10},"2":{"name":"fromDisplayWeight","decl":{"start":{"line":14,"column":16},"end":{"line":14,"column":34}},"loc":{"start":{"line":14,"column":88},"end":{"line":16,"column":null}},"line":14},"3":{"name":"toDisplayHeight","decl":{"start":{"line":18,"column":16},"end":{"line":18,"column":32}},"loc":{"start":{"line":18,"column":83},"end":{"line":20,"column":null}},"line":18},"4":{"name":"fromDisplayHeight","decl":{"start":{"line":22,"column":16},"end":{"line":22,"column":34}},"loc":{"start":{"line":22,"column":88},"end":{"line":24,"column":null}},"line":22},"5":{"name":"toDisplayPace","decl":{"start":{"line":26,"column":16},"end":{"line":26,"column":30}},"loc":{"start":{"line":26,"column":88},"end":{"line":28,"column":null}},"line":26},"6":{"name":"fromDisplayPace","decl":{"start":{"line":30,"column":16},"end":{"line":30,"column":32}},"loc":{"start":{"line":30,"column":86},"end":{"line":32,"column":null}},"line":30}},"branchMap":{"0":{"loc":{"start":{"line":6,"column":30},"end":{"line":6,"column":42}},"type":"default-arg","locations":[{"start":{"line":6,"column":39},"end":{"line":6,"column":42}}],"line":6},"1":{"loc":{"start":{"line":10,"column":44},"end":{"line":10,"column":83}},"type":"default-arg","locations":[{"start":{"line":10,"column":65},"end":{"line":10,"column":83}}],"line":10},"2":{"loc":{"start":{"line":11,"column":9},"end":{"line":11,"column":null}},"type":"cond-expr","locations":[{"start":{"line":11,"column":31},"end":{"line":11,"column":46}},{"start":{"line":11,"column":46},"end":{"line":11,"column":null}}],"line":11},"3":{"loc":{"start":{"line":14,"column":49},"end":{"line":14,"column":88}},"type":"default-arg","locations":[{"start":{"line":14,"column":70},"end":{"line":14,"column":88}}],"line":14},"4":{"loc":{"start":{"line":15,"column":9},"end":{"line":15,"column":null}},"type":"cond-expr","locations":[{"start":{"line":15,"column":31},"end":{"line":15,"column":49}},{"start":{"line":15,"column":49},"end":{"line":15,"column":null}}],"line":15},"5":{"loc":{"start":{"line":18,"column":44},"end":{"line":18,"column":83}},"type":"default-arg","locations":[{"start":{"line":18,"column":65},"end":{"line":18,"column":83}}],"line":18},"6":{"loc":{"start":{"line":19,"column":9},"end":{"line":19,"column":null}},"type":"cond-expr","locations":[{"start":{"line":19,"column":31},"end":{"line":19,"column":46}},{"start":{"line":19,"column":46},"end":{"line":19,"column":null}}],"line":19},"7":{"loc":{"start":{"line":22,"column":49},"end":{"line":22,"column":88}},"type":"default-arg","locations":[{"start":{"line":22,"column":70},"end":{"line":22,"column":88}}],"line":22},"8":{"loc":{"start":{"line":23,"column":9},"end":{"line":23,"column":null}},"type":"cond-expr","locations":[{"start":{"line":23,"column":31},"end":{"line":23,"column":49}},{"start":{"line":23,"column":49},"end":{"line":23,"column":null}}],"line":23},"9":{"loc":{"start":{"line":26,"column":49},"end":{"line":26,"column":88}},"type":"default-arg","locations":[{"start":{"line":26,"column":70},"end":{"line":26,"column":88}}],"line":26},"10":{"loc":{"start":{"line":27,"column":9},"end":{"line":27,"column":null}},"type":"cond-expr","locations":[{"start":{"line":27,"column":31},"end":{"line":27,"column":53}},{"start":{"line":27,"column":53},"end":{"line":27,"column":null}}],"line":27},"11":{"loc":{"start":{"line":30,"column":47},"end":{"line":30,"column":86}},"type":"default-arg","locations":[{"start":{"line":30,"column":68},"end":{"line":30,"column":86}}],"line":30},"12":{"loc":{"start":{"line":31,"column":9},"end":{"line":31,"column":null}},"type":"cond-expr","locations":[{"start":{"line":31,"column":31},"end":{"line":31,"column":49}},{"start":{"line":31,"column":49},"end":{"line":31,"column":null}}],"line":31}},"s":{"0":1,"1":1,"2":8,"3":2,"4":2,"5":1,"6":1,"7":1,"8":1},"f":{"0":8,"1":2,"2":2,"3":1,"4":1,"5":1,"6":1},"b":{"0":[8],"1":[2],"2":[1,1],"3":[2],"4":[1,1],"5":[1],"6":[0,1],"7":[1],"8":[0,1],"9":[1],"10":[0,1],"11":[1],"12":[0,1]},"meta":{"lastBranch":13,"lastFunction":7,"lastStatement":9,"seen":{"s:3:17:3:Infinity":0,"s:4:17:4:Infinity":1,"f:6:9:6:15":0,"b:6:39:6:42":0,"s:7:2:7:Infinity":2,"f:10:16:10:32":1,"b:10:65:10:83":1,"s:11:2:11:Infinity":3,"b:11:31:11:46:11:46:11:Infinity":2,"f:14:16:14:34":2,"b:14:70:14:88":3,"s:15:2:15:Infinity":4,"b:15:31:15:49:15:49:15:Infinity":4,"f:18:16:18:32":3,"b:18:65:18:83":5,"s:19:2:19:Infinity":5,"b:19:31:19:46:19:46:19:Infinity":6,"f:22:16:22:34":4,"b:22:70:22:88":7,"s:23:2:23:Infinity":6,"b:23:31:23:49:23:49:23:Infinity":8,"f:26:16:26:30":5,"b:26:70:26:88":9,"s:27:2:27:Infinity":7,"b:27:31:27:53:27:53:27:Infinity":10,"f:30:16:30:32":6,"b:30:68:30:86":11,"s:31:2:31:Infinity":8,"b:31:31:31:49:31:49:31:Infinity":12}}}
}
