{"/tmp/workspace/rudy750/calClories/src/db/database.ts": {"path":"/tmp/workspace/rudy750/calClories/src/db/database.ts","statementMap":{"0":{"start":{"line":13,"column":4},"end":{"line":13,"column":null}},"1":{"start":{"line":14,"column":4},"end":{"line":20,"column":null}},"2":{"start":{"line":24,"column":18},"end":{"line":24,"column":null}},"3":{"start":{"line":27,"column":18},"end":{"line":27,"column":null}},"4":{"start":{"line":28,"column":2},"end":{"line":28,"column":null}},"5":{"start":{"line":28,"column":16},"end":{"line":28,"column":null}},"6":{"start":{"line":29,"column":2},"end":{"line":29,"column":null}},"7":{"start":{"line":33,"column":2},"end":{"line":33,"column":null}},"8":{"start":{"line":37,"column":2},"end":{"line":37,"column":null}},"9":{"start":{"line":41,"column":2},"end":{"line":41,"column":null}},"10":{"start":{"line":45,"column":2},"end":{"line":45,"column":null}},"11":{"start":{"line":49,"column":2},"end":{"line":49,"column":null}},"12":{"start":{"line":53,"column":2},"end":{"line":53,"column":null}},"13":{"start":{"line":57,"column":2},"end":{"line":57,"column":null}},"14":{"start":{"line":61,"column":14},"end":{"line":61,"column":null}},"15":{"start":{"line":62,"column":2},"end":{"line":62,"column":null}},"16":{"start":{"line":62,"column":13},"end":{"line":62,"column":null}},"17":{"start":{"line":62,"column":39},"end":{"line":62,"column":54}},"18":{"start":{"line":63,"column":2},"end":{"line":63,"column":null}},"19":{"start":{"line":67,"column":2},"end":{"line":70,"column":null}},"20":{"start":{"line":68,"column":21},"end":{"line":68,"column":null}},"21":{"start":{"line":69,"column":4},"end":{"line":69,"column":null}},"22":{"start":{"line":69,"column":22},"end":{"line":69,"column":null}},"23":{"start":{"line":71,"column":2},"end":{"line":71,"column":null}},"24":{"start":{"line":75,"column":2},"end":{"line":80,"column":null}},"25":{"start":{"line":78,"column":17},"end":{"line":78,"column":29}},"26":{"start":{"line":84,"column":2},"end":{"line":87,"column":null}},"27":{"start":{"line":91,"column":2},"end":{"line":94,"column":null}}},"fnMap":{"0":{"name":"constructor","decl":{"start":{"line":12,"column":2},"end":{"line":12,"column":16}},"loc":{"start":{"line":12,"column":16},"end":{"line":21,"column":null}},"line":12},"1":{"name":"getProfile","decl":{"start":{"line":26,"column":22},"end":{"line":26,"column":69}},"loc":{"start":{"line":26,"column":69},"end":{"line":30,"column":null}},"line":26},"2":{"name":"saveProfile","decl":{"start":{"line":32,"column":22},"end":{"line":32,"column":34}},"loc":{"start":{"line":32,"column":83},"end":{"line":34,"column":null}},"line":32},"3":{"name":"getLatestTarget","decl":{"start":{"line":36,"column":22},"end":{"line":36,"column":96}},"loc":{"start":{"line":36,"column":96},"end":{"line":38,"column":null}},"line":36},"4":{"name":"saveTarget","decl":{"start":{"line":40,"column":22},"end":{"line":40,"column":33}},"loc":{"start":{"line":40,"column":71},"end":{"line":42,"column":null}},"line":40},"5":{"name":"getMealsForDate","decl":{"start":{"line":44,"column":22},"end":{"line":44,"column":38}},"loc":{"start":{"line":44,"column":74},"end":{"line":46,"column":null}},"line":44},"6":{"name":"addMeal","decl":{"start":{"line":48,"column":22},"end":{"line":48,"column":30}},"loc":{"start":{"line":48,"column":76},"end":{"line":50,"column":null}},"line":48},"7":{"name":"deleteMeal","decl":{"start":{"line":52,"column":22},"end":{"line":52,"column":33}},"loc":{"start":{"line":52,"column":60},"end":{"line":54,"column":null}},"line":52},"8":{"name":"addWeighIn","decl":{"start":{"line":56,"column":22},"end":{"line":56,"column":33}},"loc":{"start":{"line":56,"column":76},"end":{"line":58,"column":null}},"line":56},"9":{"name":"getWeighIns","decl":{"start":{"line":60,"column":22},"end":{"line":60,"column":34}},"loc":{"start":{"line":60,"column":70},"end":{"line":64,"column":null}},"line":60},"10":{"name":"(anonymous_10)","decl":{"start":{"line":62,"column":27},"end":{"line":62,"column":34}},"loc":{"start":{"line":62,"column":39},"end":{"line":62,"column":54}},"line":62},"11":{"name":"upsertFood","decl":{"start":{"line":66,"column":22},"end":{"line":66,"column":33}},"loc":{"start":{"line":66,"column":78},"end":{"line":72,"column":null}},"line":66},"12":{"name":"getRecentFoods","decl":{"start":{"line":74,"column":22},"end":{"line":74,"column":37}},"loc":{"start":{"line":74,"column":70},"end":{"line":81,"column":null}},"line":74},"13":{"name":"(anonymous_13)","decl":{"start":{"line":78,"column":5},"end":{"line":78,"column":12}},"loc":{"start":{"line":78,"column":17},"end":{"line":78,"column":29}},"line":78},"14":{"name":"bumpFoodUsage","decl":{"start":{"line":83,"column":22},"end":{"line":83,"column":36}},"loc":{"start":{"line":83,"column":63},"end":{"line":88,"column":null}},"line":83},"15":{"name":"getMealsInRange","decl":{"start":{"line":90,"column":22},"end":{"line":90,"column":38}},"loc":{"start":{"line":90,"column":96},"end":{"line":95,"column":null}},"line":90}},"branchMap":{"0":{"loc":{"start":{"line":28,"column":2},"end":{"line":28,"column":null}},"type":"if","locations":[{"start":{"line":28,"column":2},"end":{"line":28,"column":null}},{"start":{},"end":{}}],"line":28},"1":{"loc":{"start":{"line":62,"column":2},"end":{"line":62,"column":null}},"type":"if","locations":[{"start":{"line":62,"column":2},"end":{"line":62,"column":null}},{"start":{},"end":{}}],"line":62},"2":{"loc":{"start":{"line":67,"column":2},"end":{"line":70,"column":null}},"type":"if","locations":[{"start":{"line":67,"column":2},"end":{"line":70,"column":null}},{"start":{},"end":{}}],"line":67},"3":{"loc":{"start":{"line":69,"column":4},"end":{"line":69,"column":null}},"type":"if","locations":[{"start":{"line":69,"column":4},"end":{"line":69,"column":null}},{"start":{},"end":{}}],"line":69},"4":{"loc":{"start":{"line":74,"column":37},"end":{"line":74,"column":70}},"type":"default-arg","locations":[{"start":{"line":74,"column":45},"end":{"line":74,"column":70}}],"line":74},"5":{"loc":{"start":{"line":86,"column":4},"end":{"line":86,"column":58}},"type":"binary-expr","locations":[{"start":{"line":86,"column":4},"end":{"line":86,"column":53}},{"start":{"line":86,"column":53},"end":{"line":86,"column":58}}],"line":86}},"s":{"0":1,"1":1,"2":1,"3":1,"4":1,"5":0,"6":1,"7":1,"8":0,"9":0,"10":1,"11":2,"12":0,"13":0,"14":0,"15":0,"16":0,"17":0,"18":0,"19":1,"20":1,"21":1,"22":0,"23":1,"24":0,"25":0,"26":2,"27":0},"f":{"0":1,"1":1,"2":1,"3":0,"4":0,"5":1,"6":2,"7":0,"8":0,"9":0,"10":0,"11":1,"12":0,"13":0,"14":2,"15":0},"b":{"0":[0,1],"1":[0,0],"2":[1,0],"3":[0,1],"4":[0],"5":[2,0]},"meta":{"lastBranch":6,"lastFunction":16,"lastStatement":28,"seen":{"f:12:2:12:16":0,"s:13:4:13:Infinity":0,"s:14:4:20:Infinity":1,"s:24:18:24:Infinity":2,"f:26:22:26:69":1,"s:27:18:27:Infinity":3,"b:28:2:28:Infinity:undefined:undefined:undefined:undefined":0,"s:28:2:28:Infinity":4,"s:28:16:28:Infinity":5,"s:29:2:29:Infinity":6,"f:32:22:32:34":2,"s:33:2:33:Infinity":7,"f:36:22:36:96":3,"s:37:2:37:Infinity":8,"f:40:22:40:33":4,"s:41:2:41:Infinity":9,"f:44:22:44:38":5,"s:45:2:45:Infinity":10,"f:48:22:48:30":6,"s:49:2:49:Infinity":11,"f:52:22:52:33":7,"s:53:2:53:Infinity":12,"f:56:22:56:33":8,"s:57:2:57:Infinity":13,"f:60:22:60:34":9,"s:61:14:61:Infinity":14,"b:62:2:62:Infinity:undefined:undefined:undefined:undefined":1,"s:62:2:62:Infinity":15,"s:62:13:62:Infinity":16,"f:62:27:62:34":10,"s:62:39:62:54":17,"s:63:2:63:Infinity":18,"f:66:22:66:33":11,"b:67:2:70:Infinity:undefined:undefined:undefined:undefined":2,"s:67:2:70:Infinity":19,"s:68:21:68:Infinity":20,"b:69:4:69:Infinity:undefined:undefined:undefined:undefined":3,"s:69:4:69:Infinity":21,"s:69:22:69:Infinity":22,"s:71:2:71:Infinity":23,"f:74:22:74:37":12,"b:74:45:74:70":4,"s:75:2:80:Infinity":24,"f:78:5:78:12":13,"s:78:17:78:29":25,"f:83:22:83:36":14,"s:84:2:87:Infinity":26,"b:86:4:86:53:86:53:86:58":5,"f:90:22:90:38":15,"s:91:2:94:Infinity":27}}}
,"/tmp/workspace/rudy750/calClories/src/theme/themes.ts": {"path":"/tmp/workspace/rudy750/calClories/src/theme/themes.ts","statementMap":{"0":{"start":{"line":3,"column":42},"end":{"line":3,"column":null}},"1":{"start":{"line":9,"column":5},"end":{"line":20,"column":null}},"2":{"start":{"line":23,"column":2},"end":{"line":23,"column":null}}},"fnMap":{"0":{"name":"resolveThemeName","decl":{"start":{"line":22,"column":16},"end":{"line":22,"column":33}},"loc":{"start":{"line":22,"column":67},"end":{"line":24,"column":null}},"line":22}},"branchMap":{"0":{"loc":{"start":{"line":23,"column":9},"end":{"line":23,"column":null}},"type":"cond-expr","locations":[{"start":{"line":23,"column":40},"end":{"line":23,"column":48}},{"start":{"line":23,"column":48},"end":{"line":23,"column":null}}],"line":23}},"s":{"0":1,"1":1,"2":2},"f":{"0":2},"b":{"0":[0,2]},"meta":{"lastBranch":1,"lastFunction":1,"lastStatement":3,"seen":{"s:3:42:3:Infinity":0,"s:9:5:20:Infinity":1,"f:22:16:22:33":0,"s:23:2:23:Infinity":2,"b:23:40:23:48:23:48:23:Infinity":0}}}
}
